<?xml version="1.0" encoding="UTF-8"?>
<!-- Generated by org.testng.reporters.JUnitReportReporter -->
<testsuite hostname="NCRBaseload_W10" failures="0" tests="1" name="QaAcademy.E2EProject.validateNavigationBar" time="0.114" errors="0" timestamp="22 Dec 2021 03:01:57 GMT" skipped="0">
  <testcase classname="QaAcademy.E2EProject.validateNavigationBar" name="navigationBar" time="0.114"/>
</testsuite> <!-- QaAcademy.E2EProject.validateNavigationBar -->
