<?xml version="1.0" encoding="UTF-8"?>
<!-- Generated by org.testng.reporters.JUnitReportReporter -->
<testsuite skipped="0" hostname="NCRBaseload_W10" name="QaAcademy.E2EProject.validateNavigationBar" tests="1" failures="0" timestamp="2021-12-31T09:59:33 IST" time="0.294" errors="0">
  <testcase name="navigationBar" time="0.294" classname="QaAcademy.E2EProject.validateNavigationBar"/>
  <system-out/>
</testsuite> <!-- QaAcademy.E2EProject.validateNavigationBar -->
