<?xml version="1.0" encoding="UTF-8"?>
<!-- Generated by org.testng.reporters.JUnitReportReporter -->
<testsuite skipped="0" hostname="NCRBaseload_W10" name="QaAcademy.E2EProject.HomePage" tests="2" failures="0" timestamp="2021-12-31T09:59:33 IST" time="10.942" errors="0">
  <testcase name="basePagaNavigation" time="2.885" classname="QaAcademy.E2EProject.HomePage"/>
  <system-out/>
  <testcase name="basePagaNavigation" time="8.057" classname="QaAcademy.E2EProject.HomePage"/>
  <system-out/>
</testsuite> <!-- QaAcademy.E2EProject.HomePage -->
